[31merror[39m: [31m[ERROR] - 500 - Msg: Cannot convert undefined or null to object[39m
[31merror[39m: [31m[ERROR] - 500 - Msg: Cannot convert undefined or null to object[39m
[31merror[39m: [31m[ERROR] - 400 - Msg: An instance of RegisterDto has failed the validation:[39m
[31m - property first_name has failed the following constraints: isEmpty [39m
[31m,An instance of RegisterDto has failed the validation:[39m
[31m - property last_name has failed the following constraints: isEmpty [39m
[31m,An instance of RegisterDto has failed the validation:[39m
[31m - property email has failed the following constraints: isEmpty [39m
[31m,An instance of RegisterDto has failed the validation:[39m
[31m - property password has failed the following constraints: isEmpty [39m
[31m[39m
[31merror[39m: [31m[ERROR] - 400 - Msg: An instance of RegisterDto has failed the validation:[39m
[31m - property first_name has failed the following constraints: isEmpty [39m
[31m,An instance of RegisterDto has failed the validation:[39m
[31m - property last_name has failed the following constraints: isEmpty [39m
[31m,An instance of RegisterDto has failed the validation:[39m
[31m - property email has failed the following constraints: isEmpty [39m
[31m,An instance of RegisterDto has failed the validation:[39m
[31m - property password has failed the following constraints: isEmpty [39m
[31m[39m
[31merror[39m: [31m[ERROR] - 400 - Msg: An instance of RegisterDto has failed the validation:[39m
[31m - property first_name has failed the following constraints: isEmpty [39m
[31m,An instance of RegisterDto has failed the validation:[39m
[31m - property last_name has failed the following constraints: isEmpty [39m
[31m,An instance of RegisterDto has failed the validation:[39m
[31m - property email has failed the following constraints: isEmpty [39m
[31m,An instance of RegisterDto has failed the validation:[39m
[31m - property password has failed the following constraints: isEmpty [39m
[31m[39m
[31merror[39m: [31m[ERROR] - 400 - Msg: Some thing when wrong[39m
[31merror[39m: [31m[ERROR] - 400 - Msg: Some thing when wrong[39m
[31merror[39m: [31m[ERROR] - 400 - Msg: Some thing when wrong[39m
[31merror[39m: [31m[ERROR] - 400 - Msg: An instance of RegisterDto has failed the validation:[39m
[31m - property first_name has failed the following constraints: isNotEmpty [39m
[31m[39m
[31merror[39m: [31m[ERROR] - 400 - Msg: Some thing when wrong[39m
[31merror[39m: [31m[ERROR] - 400 - Msg: Some thing when wrong[39m
[31merror[39m: [31m[ERROR] - 400 - Msg: Some thing when wrong[39m
[31merror[39m: [31m[ERROR] - 400 - Msg: Some thing when wrong[39m
[31merror[39m: [31m[ERROR] - 400 - Msg: Some thing when wrong[39m
[31merror[39m: [31m[ERROR] - 409 - Msg: Your email letye292s222211@gamil.com already exist[39m
[31merror[39m: [31m[ERROR] - 400 - Msg: Some thing when wrong[39m
[31merror[39m: [31m[ERROR] - 400 - Msg: Some thing when wrong[39m
[31merror[39m: [31m[ERROR] - 400 - Msg: An instance of RegisterDto has failed the validation:[39m
[31m - property first_name has failed the following constraints: isNotEmpty [39m
[31m[39m
[31merror[39m: [31m[ERROR] - 400 - Msg: Some thing when wrong[39m
[31merror[39m: [31m[ERROR] - 400 - Msg: Some thing when wrong[39m
[31merror[39m: [31m[ERROR] - 400 - Msg: Some thing when wrong[39m
[31merror[39m: [31m[ERROR] - 400 - Msg: An instance of RegisterDto has failed the validation:[39m
[31m - property first_name has failed the following constraints: isNotEmpty [39m
[31m[39m
[31merror[39m: [31m[ERROR] - 400 - Msg: An instance of RegisterDto has failed the validation:[39m
[31m - property first_name has failed the following constraints: isNotEmpty [39m
[31m,An instance of RegisterDto has failed the validation:[39m
[31m - property last_name has failed the following constraints: isNotEmpty [39m
[31m[39m
[31merror[39m: [31m[ERROR] - 409 - Msg: Your email letye292s222211@gamil.com already exist[39m
[31merror[39m: [31m[ERROR] - 409 - Msg: Your account_name undefined already exist[39m
[31merror[39m: [31m[ERROR] - 400 - Msg: Unexpected string in JSON at position 38[39m
[31merror[39m: [31m[ERROR] - 400 - Msg: Unexpected string in JSON at position 38[39m
[31merror[39m: [31m[ERROR] - 500 - Msg: E11000 duplicate key error collection: myFirstDatabase.users index: email_1 dup key: { email: "letye292s2222211@gamil.com" }[39m
[31merror[39m: [31m[ERROR] - 500 - Msg: E11000 duplicate key error collection: myFirstDatabase.users index: email_1 dup key: { email: "letye292s22222121@gamil.com" }[39m
[31merror[39m: [31m[ERROR] - 500 - Msg: E11000 duplicate key error collection: myFirstDatabase.users index: email_1 dup key: { email: "letye292s22222121@gamil.com" }[39m
[31merror[39m: [31m[ERROR] - 500 - Msg: E11000 duplicate key error collection: myFirstDatabase.users index: email_1 dup key: { email: "letye292s22222121@gamil.com" }[39m
[31merror[39m: [31m[ERROR] - 500 - Msg: E11000 duplicate key error collection: myFirstDatabase.users index: email_1 dup key: { email: "letye292s22222121@gamil.com" }[39m
[31merror[39m: [31m[ERROR] - 409 - Msg: Your account_name letie1ndat already exist[39m
[31merror[39m: [31m[ERROR] - 500 - Msg: E11000 duplicate key error collection: myFirstDatabase.users index: email_1 dup key: { email: "letye292s222222121@gamil.com" }[39m
[31merror[39m: [31m[ERROR] - 409 - Msg: Your account_name letie12ndat already exist[39m
[31merror[39m: [31m[ERROR] - 409 - Msg: Your account_name letie12ndat already exist[39m
[31merror[39m: [31m[ERROR] - 409 - Msg: Your account_name leti2e12ndat already exist[39m
[31merror[39m: [31m[ERROR] - 500 - Msg: E11000 duplicate key error collection: myFirstDatabase.users index: email_1 dup key: { email: "let1ye2922s222222121@gamil.com" }[39m
[31merror[39m: [31m[ERROR] - 409 - Msg: Your account_name let1i2e12ndat already exist[39m
[31merror[39m: [31m[ERROR] - 400 - Msg: An instance of RegisterDto has failed the validation:[39m
[31m - property type has failed the following constraints: isNotEmpty [39m
[31m[39m
[31merror[39m: [31m[ERROR] - 409 - Msg: Your account_name let1i2e112ndat already exist[39m
[31merror[39m: [31m[ERROR] - 400 - Msg: Invalid password[39m
[31merror[39m: [31m[ERROR] - 500 - Msg: Cannot read properties of undefined (reading 'id')[39m
[31merror[39m: [31m[ERROR] - 500 - Msg: Cannot read properties of undefined (reading 'id')[39m
[31merror[39m: [31m[ERROR] - 500 - Msg: Cannot read properties of undefined (reading 'id')[39m
[31merror[39m: [31m[ERROR] - 400 - Msg: Invalid password[39m
[31merror[39m: [31m[ERROR] - 400 - Msg: Invalid password[39m
[31merror[39m: [31m[ERROR] - 400 - Msg: Invalid password[39m
[31merror[39m: [31m[ERROR] - 409 - Msg: Classroom name Lop thay ba already exist[39m
[31merror[39m: [31m[ERROR] - 409 - Msg: Classroom name Lop thasy ba already exist[39m
[31merror[39m: [31m[ERROR] - 400 - Msg: An instance of CreateDto has failed the validation:[39m
[31m - property name has failed the following constraints: isNotEmpty [39m
[31m[39m
[31merror[39m: [31m[ERROR] - 409 - Msg: Classroom name Lop thay ba already exist[39m
[31merror[39m: [31m[ERROR] - 409 - Msg: Classroom name Lop thay ba already exist[39m
[31merror[39m: [31m[ERROR] - 409 - Msg: Your account_name let1i2e1112ndat already exist[39m
[31merror[39m: [31m[ERROR] - 409 - Msg: Your account_name let1i2e21112ndat already exist[39m
[31merror[39m: [31m[ERROR] - 400 - Msg: User is student[39m
[31merror[39m: [31m[ERROR] - 409 - Msg: Classroom name Lop thay bas2sss already exist[39m
[31merror[39m: [31m[ERROR] - 409 - Msg: Classroom is not exist[39m
[31merror[39m: [31m[ERROR] - 409 - Msg: Classroom is not exist[39m
[31merror[39m: [31m[ERROR] - 409 - Msg: Classroom is not exist[39m
[31merror[39m: [31m[ERROR] - 409 - Msg: Classroom is not exist[39m
[31merror[39m: [31m[ERROR] - 409 - Msg: Classroom is not exist[39m
[31merror[39m: [31m[ERROR] - 409 - Msg: Classroom is not exist[39m
[31merror[39m: [31m[ERROR] - 500 - Msg: Cast to ObjectId failed for value "" (type string) at path "_id" for model "classroom"[39m
[31merror[39m: [31m[ERROR] - 500 - Msg: Cast to ObjectId failed for value "" (type string) at path "_id" for model "classroom"[39m
[31merror[39m: [31m[ERROR] - 409 - Msg: Classroom is not exist[39m
[31merror[39m: [31m[ERROR] - 500 - Msg: Cannot populate path `user` because it is not in your schema. Set the `strictPopulate` option to false to override.[39m
[31merror[39m: [31m[ERROR] - 500 - Msg: Cannot populate path `user` because it is not in your schema. Set the `strictPopulate` option to false to override.[39m
[31merror[39m: [31m[ERROR] - 500 - Msg: Cannot populate path `user` because it is not in your schema. Set the `strictPopulate` option to false to override.[39m
[31merror[39m: [31m[ERROR] - 500 - Msg: Cannot populate path `user` because it is not in your schema. Set the `strictPopulate` option to false to override.[39m
[31merror[39m: [31m[ERROR] - 500 - Msg: Cannot populate path `user` because it is not in your schema. Set the `strictPopulate` option to false to override.[39m
[31merror[39m: [31m[ERROR] - 500 - Msg: Cannot populate path `user` because it is not in your schema. Set the `strictPopulate` option to false to override.[39m
[31merror[39m: [31m[ERROR] - 500 - Msg: Cannot populate path `user` because it is not in your schema. Set the `strictPopulate` option to false to override.[39m
[31merror[39m: [31m[ERROR] - 500 - Msg: Cannot do exclusion on field strictPopulate in inclusion projection[39m
[31merror[39m: [31m[ERROR] - 500 - Msg: Cannot populate path `user` because it is not in your schema. Set the `strictPopulate` option to false to override.[39m
[31merror[39m: [31m[ERROR] - 500 - Msg: Cannot populate path `user` because it is not in your schema. Set the `strictPopulate` option to false to override.[39m
[31merror[39m: [31m[ERROR] - 500 - Msg: Cannot populate path `user` because it is not in your schema. Set the `strictPopulate` option to false to override.[39m
[31merror[39m: [31m[ERROR] - 500 - Msg: Cast to ObjectId failed for value "618fef9970fb549ec6539d9bs" (type string) at path "_id" for model "classroom"[39m
[31merror[39m: [31m[ERROR] - 409 - Msg: Classroom is not exist[39m
[31merror[39m: [31m[ERROR] - 409 - Msg: User already exist in classroom[39m
[31merror[39m: [31m[ERROR] - 409 - Msg: User already exist in classroom[39m
[31merror[39m: [31m[ERROR] - 409 - Msg: User already exist in classroom[39m
[31merror[39m: [31m[ERROR] - 409 - Msg: User already exist in classroom[39m
[31merror[39m: [31m[ERROR] - 409 - Msg: User already exist in classroom[39m
[31merror[39m: [31m[ERROR] - 409 - Msg: Your account_name let12i2e21112ndat already exist[39m
[31merror[39m: [31m[ERROR] - 409 - Msg: Your account_name let12i2ea211112ndat already exist[39m
[31merror[39m: [31m[ERROR] - 400 - Msg: User is teacher[39m
[31merror[39m: [31m[ERROR] - 400 - Msg: Invalid refresh token[39m
[31merror[39m: [31m[ERROR] - 409 - Msg: Your account_name let1i2e1112ndat is not exist[39m
[31merror[39m: [31m[ERROR] - 409 - Msg: Your account_name let12i22ea211112ndat already exist[39m
[31merror[39m: [31m[ERROR] - 400 - Msg: Invalid refresh token[39m
[31merror[39m: [31m[ERROR] Msg: eyJhbGciOiJIUzI1NiIsInR5cCI6IkpXVCJ9.eyJpZCI6IjYxOGY4YjkzNjEzYzNiZDdhYjc3YWJmYiIsImlhdCI6MTYzNjc5NzMzMSwiZXhwIjoxNjM2ODAwOTMxfQ.t0H8mF-51Z9PpusiPMNvpPKIAZU4cPA72C0gf2s1Tt0[39m
[31merror[39m: [31m[ERROR] - 400 - Msg: Invalid refresh token[39m
[31merror[39m: [31m[ERROR] - 400 - Msg: Invalid refresh token[39m
[31merror[39m: [31m[ERROR] - 400 - Msg: Invalid refresh token[39m
[31merror[39m: [31m[ERROR] - 409 - Msg: Your account_name let12i22e1a211112ndat already exist[39m
[31merror[39m: [31m[ERROR] - 400 - Msg: Invalid refresh token[39m
[31merror[39m: [31m[ERROR] - 400 - Msg: Invalid refresh token[39m
[31merror[39m: [31m[ERROR] - 400 - Msg: Invalid refresh token[39m
[31merror[39m: [31m[ERROR] - 400 - Msg: Invalid refresh token[39m
[31merror[39m: [31m[ERROR] - 400 - Msg: Invalid refresh token[39m
[31merror[39m: [31m[ERROR] - 400 - Msg: Invalid refresh token[39m
[31merror[39m: [31m[ERROR] - 400 - Msg: Invalid refresh token[39m
[31merror[39m: [31m[ERROR] - 400 - Msg: Invalid refresh token[39m
[31merror[39m: [31m[ERROR] - 400 - Msg: Invalid refresh token[39m
[31merror[39m: [31m[ERROR] - 400 - Msg: Invalid refresh token[39m
[31merror[39m: [31m[ERROR] - 400 - Msg: user_type Empty[39m
[31merror[39m: [31m[ERROR] - 400 - Msg: user_type Empty[39m
[31merror[39m: [31m[ERROR] - 500 - Msg: user validation failed: account_name: Path `account_name` is required.[39m
[31merror[39m: [31m[ERROR] - 409 - Msg: Classroom is not exist[39m
[31merror[39m: [31m[ERROR] - 409 - Msg: User already exist in classroom[39m
[31merror[39m: [31m[ERROR] - 500 - Msg: Cast to ObjectId failed for value "" (type string) at path "participants_id"[39m
[31merror[39m: [31m[ERROR] - 500 - Msg: Cast to ObjectId failed for value "" (type string) at path "_id" for model "classroom"[39m
[31merror[39m: [31m[ERROR] - 500 - Msg: Malformed UTF-8 data[39m
[31merror[39m: [31m[ERROR] - 500 - Msg: Cast to ObjectId failed for value "" (type string) at path "_id" for model "classroom"[39m
[31merror[39m: [31m[ERROR] - 500 - Msg: Malformed UTF-8 data[39m
[31merror[39m: [31m[ERROR] - 500 - Msg: Cast to ObjectId failed for value "" (type string) at path "_id" for model "classroom"[39m
[31merror[39m: [31m[ERROR] - 500 - Msg: Malformed UTF-8 data[39m
[31merror[39m: [31m[ERROR] - 409 - Msg: User already exist in classroom[39m
[31merror[39m: [31m[ERROR] - 409 - Msg: Your account_name let12i22e1a2111s12ndat already exist[39m
[31merror[39m: [31m[ERROR] - 500 - Msg: Cast to ObjectId failed for value "" (type string) at path "_id" for model "classroom"[39m
[31merror[39m: [31m[ERROR] - 500 - Msg: Cast to ObjectId failed for value "" (type string) at path "_id" for model "classroom"[39m
[31merror[39m: [31m[ERROR] - 500 - Msg: Cast to ObjectId failed for value "" (type string) at path "participants_id"[39m
[31merror[39m: [31m[ERROR] - 500 - Msg: Malformed UTF-8 data[39m
[31merror[39m: [31m[ERROR] - 500 - Msg: Malformed UTF-8 data[39m
[31merror[39m: [31m[ERROR] - 500 - Msg: Cast to ObjectId failed for value "" (type string) at path "_id" for model "classroom"[39m
[31merror[39m: [31m[ERROR] - 409 - Msg: User already exist in classroom[39m
[31merror[39m: [31m[ERROR] - 409 - Msg: Your account_name let12i212e11a2111s12ndat already exist[39m
[31merror[39m: [31m[ERROR] - 400 - Msg: Invalid refresh token[39m
